Determining if the pthread_create exist failed with the following output:
Change Dir: /home/ubuntu/log/glog/google_glog/glog/build/CMakeFiles/CMakeTmp

Run Build Command:"/usr/bin/make" "cmTC_b1010/fast"
/usr/bin/make -f CMakeFiles/cmTC_b1010.dir/build.make CMakeFiles/cmTC_b1010.dir/build
make[1]: Entering directory '/home/ubuntu/log/glog/google_glog/glog/build/CMakeFiles/CMakeTmp'
Building C object CMakeFiles/cmTC_b1010.dir/CheckSymbolExists.c.o
/usr/bin/cc    -o CMakeFiles/cmTC_b1010.dir/CheckSymbolExists.c.o   -c /home/ubuntu/log/glog/google_glog/glog/build/CMakeFiles/CMakeTmp/CheckSymbolExists.c
Linking C executable cmTC_b1010
/usr/bin/cmake -E cmake_link_script CMakeFiles/cmTC_b1010.dir/link.txt --verbose=1
/usr/bin/cc      -rdynamic CMakeFiles/cmTC_b1010.dir/CheckSymbolExists.c.o  -o cmTC_b1010 
CMakeFiles/cmTC_b1010.dir/CheckSymbolExists.c.o: In function `main':
CheckSymbolExists.c:(.text+0x1b): undefined reference to `pthread_create'
collect2: error: ld returned 1 exit status
CMakeFiles/cmTC_b1010.dir/build.make:97: recipe for target 'cmTC_b1010' failed
make[1]: *** [cmTC_b1010] Error 1
make[1]: Leaving directory '/home/ubuntu/log/glog/google_glog/glog/build/CMakeFiles/CMakeTmp'
Makefile:126: recipe for target 'cmTC_b1010/fast' failed
make: *** [cmTC_b1010/fast] Error 2

File /home/ubuntu/log/glog/google_glog/glog/build/CMakeFiles/CMakeTmp/CheckSymbolExists.c:
/* */
#include <pthread.h>

int main(int argc, char** argv)
{
  (void)argv;
#ifndef pthread_create
  return ((int*)(&pthread_create))[argc];
#else
  (void)argc;
  return 0;
#endif
}

Determining if the function pthread_create exists in the pthreads failed with the following output:
Change Dir: /home/ubuntu/log/glog/google_glog/glog/build/CMakeFiles/CMakeTmp

Run Build Command:"/usr/bin/make" "cmTC_02709/fast"
/usr/bin/make -f CMakeFiles/cmTC_02709.dir/build.make CMakeFiles/cmTC_02709.dir/build
make[1]: Entering directory '/home/ubuntu/log/glog/google_glog/glog/build/CMakeFiles/CMakeTmp'
Building C object CMakeFiles/cmTC_02709.dir/CheckFunctionExists.c.o
/usr/bin/cc   -DCHECK_FUNCTION_EXISTS=pthread_create   -o CMakeFiles/cmTC_02709.dir/CheckFunctionExists.c.o   -c /usr/share/cmake-3.10/Modules/CheckFunctionExists.c
Linking C executable cmTC_02709
/usr/bin/cmake -E cmake_link_script CMakeFiles/cmTC_02709.dir/link.txt --verbose=1
/usr/bin/cc  -DCHECK_FUNCTION_EXISTS=pthread_create    -rdynamic CMakeFiles/cmTC_02709.dir/CheckFunctionExists.c.o  -o cmTC_02709 -lpthreads 
/usr/bin/ld: cannot find -lpthreads
collect2: error: ld returned 1 exit status
CMakeFiles/cmTC_02709.dir/build.make:97: recipe for target 'cmTC_02709' failed
make[1]: *** [cmTC_02709] Error 1
make[1]: Leaving directory '/home/ubuntu/log/glog/google_glog/glog/build/CMakeFiles/CMakeTmp'
Makefile:126: recipe for target 'cmTC_02709/fast' failed
make: *** [cmTC_02709/fast] Error 2


Determining size of unsigned __int16 failed with the following output:
Change Dir: /home/ubuntu/log/glog/google_glog/glog/build/CMakeFiles/CMakeTmp

Run Build Command:"/usr/bin/make" "cmTC_8867e/fast"
/usr/bin/make -f CMakeFiles/cmTC_8867e.dir/build.make CMakeFiles/cmTC_8867e.dir/build
make[1]: Entering directory '/home/ubuntu/log/glog/google_glog/glog/build/CMakeFiles/CMakeTmp'
Building C object CMakeFiles/cmTC_8867e.dir/HAVE___UINT16.c.o
/usr/bin/cc    -o CMakeFiles/cmTC_8867e.dir/HAVE___UINT16.c.o   -c /home/ubuntu/log/glog/google_glog/glog/build/CMakeFiles/CheckTypeSize/HAVE___UINT16.c
/home/ubuntu/log/glog/google_glog/glog/build/CMakeFiles/CheckTypeSize/HAVE___UINT16.c:23:31: error: expected ‘)’ before ‘__int16’
 #define SIZE (sizeof(unsigned __int16))
                               ^
/home/ubuntu/log/glog/google_glog/glog/build/CMakeFiles/CheckTypeSize/HAVE___UINT16.c:25:12: note: in expansion of macro ‘SIZE’
   ('0' + ((SIZE / 10000)%10)),
            ^~~~
/home/ubuntu/log/glog/google_glog/glog/build/CMakeFiles/CheckTypeSize/HAVE___UINT16.c:23:31: error: expected ‘)’ before ‘__int16’
 #define SIZE (sizeof(unsigned __int16))
                               ^
/home/ubuntu/log/glog/google_glog/glog/build/CMakeFiles/CheckTypeSize/HAVE___UINT16.c:26:12: note: in expansion of macro ‘SIZE’
   ('0' + ((SIZE / 1000)%10)),
            ^~~~
/home/ubuntu/log/glog/google_glog/glog/build/CMakeFiles/CheckTypeSize/HAVE___UINT16.c:23:31: error: expected ‘)’ before ‘__int16’
 #define SIZE (sizeof(unsigned __int16))
                               ^
/home/ubuntu/log/glog/google_glog/glog/build/CMakeFiles/CheckTypeSize/HAVE___UINT16.c:27:12: note: in expansion of macro ‘SIZE’
   ('0' + ((SIZE / 100)%10)),
            ^~~~
/home/ubuntu/log/glog/google_glog/glog/build/CMakeFiles/CheckTypeSize/HAVE___UINT16.c:23:31: error: expected ‘)’ before ‘__int16’
 #define SIZE (sizeof(unsigned __int16))
                               ^
/home/ubuntu/log/glog/google_glog/glog/build/CMakeFiles/CheckTypeSize/HAVE___UINT16.c:28:12: note: in expansion of macro ‘SIZE’
   ('0' + ((SIZE / 10)%10)),
            ^~~~
/home/ubuntu/log/glog/google_glog/glog/build/CMakeFiles/CheckTypeSize/HAVE___UINT16.c:23:31: error: expected ‘)’ before ‘__int16’
 #define SIZE (sizeof(unsigned __int16))
                               ^
/home/ubuntu/log/glog/google_glog/glog/build/CMakeFiles/CheckTypeSize/HAVE___UINT16.c:29:12: note: in expansion of macro ‘SIZE’
   ('0' +  (SIZE    % 10)),
            ^~~~
CMakeFiles/cmTC_8867e.dir/build.make:65: recipe for target 'CMakeFiles/cmTC_8867e.dir/HAVE___UINT16.c.o' failed
make[1]: *** [CMakeFiles/cmTC_8867e.dir/HAVE___UINT16.c.o] Error 1
make[1]: Leaving directory '/home/ubuntu/log/glog/google_glog/glog/build/CMakeFiles/CMakeTmp'
Makefile:126: recipe for target 'cmTC_8867e/fast' failed
make: *** [cmTC_8867e/fast] Error 2

/home/ubuntu/log/glog/google_glog/glog/build/CMakeFiles/CheckTypeSize/HAVE___UINT16.c:
#include <sys/types.h>
#include <stdint.h>
#include <stddef.h>


#undef KEY
#if defined(__i386)
# define KEY '_','_','i','3','8','6'
#elif defined(__x86_64)
# define KEY '_','_','x','8','6','_','6','4'
#elif defined(__ppc__)
# define KEY '_','_','p','p','c','_','_'
#elif defined(__ppc64__)
# define KEY '_','_','p','p','c','6','4','_','_'
#elif defined(__aarch64__)
# define KEY '_','_','a','a','r','c','h','6','4','_','_'
#elif defined(__ARM_ARCH_7A__)
# define KEY '_','_','A','R','M','_','A','R','C','H','_','7','A','_','_'
#elif defined(__ARM_ARCH_7S__)
# define KEY '_','_','A','R','M','_','A','R','C','H','_','7','S','_','_'
#endif

#define SIZE (sizeof(unsigned __int16))
char info_size[] =  {'I', 'N', 'F', 'O', ':', 's','i','z','e','[',
  ('0' + ((SIZE / 10000)%10)),
  ('0' + ((SIZE / 1000)%10)),
  ('0' + ((SIZE / 100)%10)),
  ('0' + ((SIZE / 10)%10)),
  ('0' +  (SIZE    % 10)),
  ']',
#ifdef KEY
  ' ','k','e','y','[', KEY, ']',
#endif
  '\0'};

#ifdef __CLASSIC_C__
int main(argc, argv) int argc; char *argv[];
#else
int main(int argc, char *argv[])
#endif
{
  int require = 0;
  require += info_size[argc];
  (void)argv;
  return require;
}


Determining if the function dladdr exists failed with the following output:
Change Dir: /home/ubuntu/log/glog/google_glog/glog/build/CMakeFiles/CMakeTmp

Run Build Command:"/usr/bin/make" "cmTC_a67a8/fast"
/usr/bin/make -f CMakeFiles/cmTC_a67a8.dir/build.make CMakeFiles/cmTC_a67a8.dir/build
make[1]: Entering directory '/home/ubuntu/log/glog/google_glog/glog/build/CMakeFiles/CMakeTmp'
Building C object CMakeFiles/cmTC_a67a8.dir/CheckFunctionExists.c.o
/usr/bin/cc   -DCHECK_FUNCTION_EXISTS=dladdr   -o CMakeFiles/cmTC_a67a8.dir/CheckFunctionExists.c.o   -c /usr/share/cmake-3.10/Modules/CheckFunctionExists.c
Linking C executable cmTC_a67a8
/usr/bin/cmake -E cmake_link_script CMakeFiles/cmTC_a67a8.dir/link.txt --verbose=1
/usr/bin/cc  -DCHECK_FUNCTION_EXISTS=dladdr    -rdynamic CMakeFiles/cmTC_a67a8.dir/CheckFunctionExists.c.o  -o cmTC_a67a8 
CMakeFiles/cmTC_a67a8.dir/CheckFunctionExists.c.o: In function `main':
CheckFunctionExists.c:(.text+0x10): undefined reference to `dladdr'
collect2: error: ld returned 1 exit status
CMakeFiles/cmTC_a67a8.dir/build.make:97: recipe for target 'cmTC_a67a8' failed
make[1]: *** [cmTC_a67a8] Error 1
make[1]: Leaving directory '/home/ubuntu/log/glog/google_glog/glog/build/CMakeFiles/CMakeTmp'
Makefile:126: recipe for target 'cmTC_a67a8/fast' failed
make: *** [cmTC_a67a8/fast] Error 2


Performing C++ SOURCE FILE Test HAVE_NO_UNNAMED_TYPE_TEMPLATE_ARGS failed with the following output:
Change Dir: /home/ubuntu/log/glog/google_glog/glog/build/CMakeFiles/CMakeTmp

Run Build Command:"/usr/bin/make" "cmTC_af76b/fast"
/usr/bin/make -f CMakeFiles/cmTC_af76b.dir/build.make CMakeFiles/cmTC_af76b.dir/build
make[1]: Entering directory '/home/ubuntu/log/glog/google_glog/glog/build/CMakeFiles/CMakeTmp'
Building CXX object CMakeFiles/cmTC_af76b.dir/src.cxx.o
/usr/bin/c++    -DHAVE_NO_UNNAMED_TYPE_TEMPLATE_ARGS   -Wunnamed-type-template-args -o CMakeFiles/cmTC_af76b.dir/src.cxx.o -c /home/ubuntu/log/glog/google_glog/glog/build/CMakeFiles/CMakeTmp/src.cxx
c++: error: unrecognized command line option '-Wunnamed-type-template-args'
CMakeFiles/cmTC_af76b.dir/build.make:65: recipe for target 'CMakeFiles/cmTC_af76b.dir/src.cxx.o' failed
make[1]: *** [CMakeFiles/cmTC_af76b.dir/src.cxx.o] Error 1
make[1]: Leaving directory '/home/ubuntu/log/glog/google_glog/glog/build/CMakeFiles/CMakeTmp'
Makefile:126: recipe for target 'cmTC_af76b/fast' failed
make: *** [cmTC_af76b/fast] Error 2

Source file was:
int main() { return 0; }
Determining if the function UnDecorateSymbolName exists in the dbghelp failed with the following output:
Change Dir: /home/ubuntu/log/glog/google_glog/glog/build/CMakeFiles/CMakeTmp

Run Build Command:"/usr/bin/make" "cmTC_40dd7/fast"
/usr/bin/make -f CMakeFiles/cmTC_40dd7.dir/build.make CMakeFiles/cmTC_40dd7.dir/build
make[1]: Entering directory '/home/ubuntu/log/glog/google_glog/glog/build/CMakeFiles/CMakeTmp'
Building C object CMakeFiles/cmTC_40dd7.dir/CheckFunctionExists.c.o
/usr/bin/cc   -DCHECK_FUNCTION_EXISTS=UnDecorateSymbolName   -o CMakeFiles/cmTC_40dd7.dir/CheckFunctionExists.c.o   -c /usr/share/cmake-3.10/Modules/CheckFunctionExists.c
Linking C executable cmTC_40dd7
/usr/bin/cmake -E cmake_link_script CMakeFiles/cmTC_40dd7.dir/link.txt --verbose=1
/usr/bin/cc  -DCHECK_FUNCTION_EXISTS=UnDecorateSymbolName    -rdynamic CMakeFiles/cmTC_40dd7.dir/CheckFunctionExists.c.o  -o cmTC_40dd7 -ldbghelp 
/usr/bin/ld: cannot find -ldbghelp
collect2: error: ld returned 1 exit status
CMakeFiles/cmTC_40dd7.dir/build.make:97: recipe for target 'cmTC_40dd7' failed
make[1]: *** [cmTC_40dd7] Error 1
make[1]: Leaving directory '/home/ubuntu/log/glog/google_glog/glog/build/CMakeFiles/CMakeTmp'
Makefile:126: recipe for target 'cmTC_40dd7/fast' failed
make: *** [cmTC_40dd7/fast] Error 2


Performing C SOURCE FILE Test HAVE_RWLOCK failed with the following output:
Change Dir: /home/ubuntu/log/glog/google_glog/glog/build/CMakeFiles/CMakeTmp

Run Build Command:"/usr/bin/make" "cmTC_368df/fast"
/usr/bin/make -f CMakeFiles/cmTC_368df.dir/build.make CMakeFiles/cmTC_368df.dir/build
make[1]: Entering directory '/home/ubuntu/log/glog/google_glog/glog/build/CMakeFiles/CMakeTmp'
Building C object CMakeFiles/cmTC_368df.dir/src.c.o
/usr/bin/cc   -DHAVE_RWLOCK   -o CMakeFiles/cmTC_368df.dir/src.c.o   -c /home/ubuntu/log/glog/google_glog/glog/build/CMakeFiles/CMakeTmp/src.c
Linking C executable cmTC_368df
/usr/bin/cmake -E cmake_link_script CMakeFiles/cmTC_368df.dir/link.txt --verbose=1
/usr/bin/cc  -DHAVE_RWLOCK    -rdynamic CMakeFiles/cmTC_368df.dir/src.c.o  -o cmTC_368df 
CMakeFiles/cmTC_368df.dir/src.c.o: In function `main':
src.c:(.text+0x24): undefined reference to `pthread_rwlock_init'
src.c:(.text+0x30): undefined reference to `pthread_rwlock_rdlock'
collect2: error: ld returned 1 exit status
CMakeFiles/cmTC_368df.dir/build.make:97: recipe for target 'cmTC_368df' failed
make[1]: *** [cmTC_368df] Error 1
make[1]: Leaving directory '/home/ubuntu/log/glog/google_glog/glog/build/CMakeFiles/CMakeTmp'
Makefile:126: recipe for target 'cmTC_368df/fast' failed
make: *** [cmTC_368df/fast] Error 2

Source file was:

#define _XOPEN_SOURCE 500
#include <pthread.h>
int main(void)
{
  pthread_rwlock_t l;
  pthread_rwlock_init(&l, NULL);
  pthread_rwlock_rdlock(&l);
  return 0;
}

Performing C SOURCE FILE Test HAVE___DECLSPEC failed with the following output:
Change Dir: /home/ubuntu/log/glog/google_glog/glog/build/CMakeFiles/CMakeTmp

Run Build Command:"/usr/bin/make" "cmTC_e7ccf/fast"
/usr/bin/make -f CMakeFiles/cmTC_e7ccf.dir/build.make CMakeFiles/cmTC_e7ccf.dir/build
make[1]: Entering directory '/home/ubuntu/log/glog/google_glog/glog/build/CMakeFiles/CMakeTmp'
Building C object CMakeFiles/cmTC_e7ccf.dir/src.c.o
/usr/bin/cc   -DHAVE___DECLSPEC   -o CMakeFiles/cmTC_e7ccf.dir/src.c.o   -c /home/ubuntu/log/glog/google_glog/glog/build/CMakeFiles/CMakeTmp/src.c
/home/ubuntu/log/glog/google_glog/glog/build/CMakeFiles/CMakeTmp/src.c:2:1: warning: return type defaults to ‘int’ [-Wimplicit-int]
 __declspec(selectany) int a;
 ^~~~~~~~~~
/home/ubuntu/log/glog/google_glog/glog/build/CMakeFiles/CMakeTmp/src.c: In function ‘__declspec’:
/home/ubuntu/log/glog/google_glog/glog/build/CMakeFiles/CMakeTmp/src.c:3:16: error: expected ‘=’, ‘,’, ‘;’, ‘asm’ or ‘__attribute__’ before ‘{’ token
 int main(void) { return 0; }
                ^
/home/ubuntu/log/glog/google_glog/glog/build/CMakeFiles/CMakeTmp/src.c:2:1: warning: type of ‘selectany’ defaults to ‘int’ [-Wimplicit-int]
 __declspec(selectany) int a;
 ^~~~~~~~~~
/home/ubuntu/log/glog/google_glog/glog/build/CMakeFiles/CMakeTmp/src.c:2:27: error: declaration for parameter ‘a’ but no such parameter
 __declspec(selectany) int a;
                           ^
/home/ubuntu/log/glog/google_glog/glog/build/CMakeFiles/CMakeTmp/src.c:3:16: error: expected ‘{’ at end of input
 int main(void) { return 0; }
                ^
CMakeFiles/cmTC_e7ccf.dir/build.make:65: recipe for target 'CMakeFiles/cmTC_e7ccf.dir/src.c.o' failed
make[1]: *** [CMakeFiles/cmTC_e7ccf.dir/src.c.o] Error 1
make[1]: Leaving directory '/home/ubuntu/log/glog/google_glog/glog/build/CMakeFiles/CMakeTmp'
Makefile:126: recipe for target 'cmTC_e7ccf/fast' failed
make: *** [cmTC_e7ccf/fast] Error 2

Source file was:

__declspec(selectany) int a;
int main(void) { return 0; }

Performing C++ SOURCE FILE Test STL_NO_NAMESPACE failed with the following output:
Change Dir: /home/ubuntu/log/glog/google_glog/glog/build/CMakeFiles/CMakeTmp

Run Build Command:"/usr/bin/make" "cmTC_badd3/fast"
/usr/bin/make -f CMakeFiles/cmTC_badd3.dir/build.make CMakeFiles/cmTC_badd3.dir/build
make[1]: Entering directory '/home/ubuntu/log/glog/google_glog/glog/build/CMakeFiles/CMakeTmp'
Building CXX object CMakeFiles/cmTC_badd3.dir/src.cxx.o
/usr/bin/c++    -DSTL_NO_NAMESPACE   -o CMakeFiles/cmTC_badd3.dir/src.cxx.o -c /home/ubuntu/log/glog/google_glog/glog/build/CMakeFiles/CMakeTmp/src.cxx
/home/ubuntu/log/glog/google_glog/glog/build/CMakeFiles/CMakeTmp/src.cxx:3:1: error: ‘vector’ does not name a type
 vector<int> t; int main() { }
 ^~~~~~
CMakeFiles/cmTC_badd3.dir/build.make:65: recipe for target 'CMakeFiles/cmTC_badd3.dir/src.cxx.o' failed
make[1]: *** [CMakeFiles/cmTC_badd3.dir/src.cxx.o] Error 1
make[1]: Leaving directory '/home/ubuntu/log/glog/google_glog/glog/build/CMakeFiles/CMakeTmp'
Makefile:126: recipe for target 'cmTC_badd3/fast' failed
make: *** [cmTC_badd3/fast] Error 2

Source file was:

#include <vector>
vector<int> t; int main() { }

Performing C++ SOURCE FILE Test HAVE_MSVC_TLS failed with the following output:
Change Dir: /home/ubuntu/log/glog/google_glog/glog/build/CMakeFiles/CMakeTmp

Run Build Command:"/usr/bin/make" "cmTC_4b6ac/fast"
/usr/bin/make -f CMakeFiles/cmTC_4b6ac.dir/build.make CMakeFiles/cmTC_4b6ac.dir/build
make[1]: Entering directory '/home/ubuntu/log/glog/google_glog/glog/build/CMakeFiles/CMakeTmp'
Building CXX object CMakeFiles/cmTC_4b6ac.dir/src.cxx.o
/usr/bin/c++    -DHAVE_MSVC_TLS   -o CMakeFiles/cmTC_4b6ac.dir/src.cxx.o -c /home/ubuntu/log/glog/google_glog/glog/build/CMakeFiles/CMakeTmp/src.cxx
/home/ubuntu/log/glog/google_glog/glog/build/CMakeFiles/CMakeTmp/src.cxx:2:11: error: expected constructor, destructor, or type conversion before ‘(’ token
 __declspec(thread) int tls;
           ^
CMakeFiles/cmTC_4b6ac.dir/build.make:65: recipe for target 'CMakeFiles/cmTC_4b6ac.dir/src.cxx.o' failed
make[1]: *** [CMakeFiles/cmTC_4b6ac.dir/src.cxx.o] Error 1
make[1]: Leaving directory '/home/ubuntu/log/glog/google_glog/glog/build/CMakeFiles/CMakeTmp'
Makefile:126: recipe for target 'cmTC_4b6ac/fast' failed
make: *** [cmTC_4b6ac/fast] Error 2

Source file was:

__declspec(thread) int tls;
int main() { }

